TN:
SF:config.js
FNF:0
FNH:0
DA:1,2
LF:1
LH:1
BRF:0
BRH:0
end_of_record
TN:
SF:src\composables\useBookbuddy.ts
FN:11,(anonymous_0)
FN:14,(anonymous_1)
FN:37,(anonymous_2)
FN:52,(anonymous_3)
FN:66,(anonymous_4)
FN:92,(anonymous_5)
FN:117,(anonymous_6)
FNF:7
FNH:7
FNDA:12,(anonymous_0)
FNDA:2,(anonymous_1)
FNDA:2,(anonymous_2)
FNDA:2,(anonymous_3)
FNDA:2,(anonymous_4)
FNDA:2,(anonymous_5)
FNDA:2,(anonymous_6)
DA:11,1
DA:12,12
DA:14,12
DA:15,2
DA:16,2
DA:22,2
DA:23,1
DA:24,1
DA:25,1
DA:27,1
DA:30,1
DA:31,1
DA:33,1
DA:37,12
DA:38,2
DA:39,2
DA:41,2
DA:42,1
DA:44,1
DA:45,1
DA:48,1
DA:52,12
DA:53,2
DA:54,2
DA:56,2
DA:57,1
DA:60,1
DA:62,1
DA:66,12
DA:67,2
DA:68,2
DA:76,2
DA:77,1
DA:78,1
DA:79,1
DA:81,1
DA:84,1
DA:85,1
DA:88,1
DA:92,12
DA:93,2
DA:94,2
DA:102,2
DA:103,1
DA:104,1
DA:105,1
DA:107,1
DA:109,1
DA:110,1
DA:113,1
DA:117,12
DA:118,2
DA:119,2
DA:127,2
DA:128,1
DA:129,1
DA:130,1
DA:132,1
DA:134,1
DA:137,1
DA:141,12
LF:61
LH:61
BRDA:22,0,0,1
BRDA:22,0,1,1
BRDA:24,1,0,1
BRDA:24,1,1,0
BRDA:27,2,0,1
BRDA:27,2,1,0
BRDA:41,3,0,1
BRDA:41,3,1,1
BRDA:48,4,0,1
BRDA:48,4,1,0
BRDA:56,5,0,1
BRDA:56,5,1,1
BRDA:62,6,0,1
BRDA:62,6,1,0
BRDA:76,7,0,1
BRDA:76,7,1,1
BRDA:78,8,0,1
BRDA:78,8,1,0
BRDA:81,9,0,1
BRDA:81,9,1,0
BRDA:102,10,0,1
BRDA:102,10,1,1
BRDA:104,11,0,1
BRDA:104,11,1,0
BRDA:107,12,0,1
BRDA:107,12,1,0
BRDA:127,13,0,1
BRDA:127,13,1,1
BRDA:129,14,0,1
BRDA:129,14,1,0
BRDA:132,15,0,1
BRDA:132,15,1,0
BRF:32
BRH:22
end_of_record
TN:
SF:src\composables\usePost.ts
FN:17,(anonymous_0)
FN:19,(anonymous_1)
FN:34,(anonymous_2)
FN:48,(anonymous_3)
FN:63,(anonymous_4)
FNF:5
FNH:5
FNDA:8,(anonymous_0)
FNDA:2,(anonymous_1)
FNDA:2,(anonymous_2)
FNDA:2,(anonymous_3)
FNDA:2,(anonymous_4)
DA:17,1
DA:19,8
DA:20,2
DA:21,2
DA:23,2
DA:24,1
DA:27,1
DA:30,1
DA:34,8
DA:35,2
DA:36,2
DA:38,2
DA:39,1
DA:42,1
DA:44,1
DA:48,8
DA:49,2
DA:50,2
DA:52,2
DA:53,1
DA:57,1
DA:59,1
DA:63,8
DA:64,2
DA:65,2
DA:67,2
DA:68,1
DA:71,1
DA:73,1
DA:77,8
LF:30
LH:30
BRDA:23,0,0,1
BRDA:23,0,1,1
BRDA:30,1,0,1
BRDA:30,1,1,0
BRDA:38,2,0,1
BRDA:38,2,1,1
BRDA:44,3,0,1
BRDA:44,3,1,0
BRDA:52,4,0,1
BRDA:52,4,1,1
BRDA:59,5,0,1
BRDA:59,5,1,0
BRDA:67,6,0,1
BRDA:67,6,1,1
BRDA:73,7,0,1
BRDA:73,7,1,0
BRF:16
BRH:12
end_of_record
TN:
SF:src\composables\useWebSocket.ts
FN:3,(anonymous_0)
FN:8,(anonymous_1)
FN:13,(anonymous_2)
FN:18,(anonymous_3)
FN:22,(anonymous_4)
FN:27,(anonymous_5)
FNF:6
FNH:6
FNDA:5,(anonymous_0)
FNDA:3,(anonymous_1)
FNDA:1,(anonymous_2)
FNDA:2,(anonymous_3)
FNDA:5,(anonymous_4)
FNDA:1,(anonymous_5)
DA:3,1
DA:4,5
DA:5,5
DA:6,5
DA:8,5
DA:9,3
DA:10,3
DA:13,5
DA:14,1
DA:15,1
DA:18,5
DA:19,2
DA:22,5
DA:23,5
DA:24,5
DA:27,5
DA:28,1
DA:31,5
LF:18
LH:18
BRF:0
BRH:0
end_of_record
